running egg_info
creating ../../build/my_robot_pkg/my_robot_pkg.egg-info
writing ../../build/my_robot_pkg/my_robot_pkg.egg-info/PKG-INFO
writing dependency_links to ../../build/my_robot_pkg/my_robot_pkg.egg-info/dependency_links.txt
writing entry points to ../../build/my_robot_pkg/my_robot_pkg.egg-info/entry_points.txt
writing requirements to ../../build/my_robot_pkg/my_robot_pkg.egg-info/requires.txt
writing top-level names to ../../build/my_robot_pkg/my_robot_pkg.egg-info/top_level.txt
writing manifest file '../../build/my_robot_pkg/my_robot_pkg.egg-info/SOURCES.txt'
reading manifest file '../../build/my_robot_pkg/my_robot_pkg.egg-info/SOURCES.txt'
writing manifest file '../../build/my_robot_pkg/my_robot_pkg.egg-info/SOURCES.txt'
running build
running build_py
creating /home/anand/ros2_ws/build/my_robot_pkg/build
creating /home/anand/ros2_ws/build/my_robot_pkg/build/lib
creating /home/anand/ros2_ws/build/my_robot_pkg/build/lib/my_robot_pkg
copying my_robot_pkg/publisher_node.py -> /home/anand/ros2_ws/build/my_robot_pkg/build/lib/my_robot_pkg
copying my_robot_pkg/turtle_controller.py -> /home/anand/ros2_ws/build/my_robot_pkg/build/lib/my_robot_pkg
copying my_robot_pkg/__init__.py -> /home/anand/ros2_ws/build/my_robot_pkg/build/lib/my_robot_pkg
copying my_robot_pkg/temprature_publisher.py -> /home/anand/ros2_ws/build/my_robot_pkg/build/lib/my_robot_pkg
copying my_robot_pkg/temprature_subscriber.py -> /home/anand/ros2_ws/build/my_robot_pkg/build/lib/my_robot_pkg
running install
running install_lib
creating /home/anand/ros2_ws/install/my_robot_pkg/lib/python3.10/site-packages/my_robot_pkg
copying /home/anand/ros2_ws/build/my_robot_pkg/build/lib/my_robot_pkg/publisher_node.py -> /home/anand/ros2_ws/install/my_robot_pkg/lib/python3.10/site-packages/my_robot_pkg
copying /home/anand/ros2_ws/build/my_robot_pkg/build/lib/my_robot_pkg/turtle_controller.py -> /home/anand/ros2_ws/install/my_robot_pkg/lib/python3.10/site-packages/my_robot_pkg
copying /home/anand/ros2_ws/build/my_robot_pkg/build/lib/my_robot_pkg/__init__.py -> /home/anand/ros2_ws/install/my_robot_pkg/lib/python3.10/site-packages/my_robot_pkg
copying /home/anand/ros2_ws/build/my_robot_pkg/build/lib/my_robot_pkg/temprature_publisher.py -> /home/anand/ros2_ws/install/my_robot_pkg/lib/python3.10/site-packages/my_robot_pkg
copying /home/anand/ros2_ws/build/my_robot_pkg/build/lib/my_robot_pkg/temprature_subscriber.py -> /home/anand/ros2_ws/install/my_robot_pkg/lib/python3.10/site-packages/my_robot_pkg
byte-compiling /home/anand/ros2_ws/install/my_robot_pkg/lib/python3.10/site-packages/my_robot_pkg/publisher_node.py to publisher_node.cpython-310.pyc
byte-compiling /home/anand/ros2_ws/install/my_robot_pkg/lib/python3.10/site-packages/my_robot_pkg/turtle_controller.py to turtle_controller.cpython-310.pyc
byte-compiling /home/anand/ros2_ws/install/my_robot_pkg/lib/python3.10/site-packages/my_robot_pkg/__init__.py to __init__.cpython-310.pyc
byte-compiling /home/anand/ros2_ws/install/my_robot_pkg/lib/python3.10/site-packages/my_robot_pkg/temprature_publisher.py to temprature_publisher.cpython-310.pyc
byte-compiling /home/anand/ros2_ws/install/my_robot_pkg/lib/python3.10/site-packages/my_robot_pkg/temprature_subscriber.py to temprature_subscriber.cpython-310.pyc
running install_data
creating /home/anand/ros2_ws/install/my_robot_pkg/share/ament_index
creating /home/anand/ros2_ws/install/my_robot_pkg/share/ament_index/resource_index
creating /home/anand/ros2_ws/install/my_robot_pkg/share/ament_index/resource_index/packages
copying resource/my_robot_pkg -> /home/anand/ros2_ws/install/my_robot_pkg/share/ament_index/resource_index/packages
copying package.xml -> /home/anand/ros2_ws/install/my_robot_pkg/share/my_robot_pkg
running install_egg_info
Copying ../../build/my_robot_pkg/my_robot_pkg.egg-info to /home/anand/ros2_ws/install/my_robot_pkg/lib/python3.10/site-packages/my_robot_pkg-0.0.0-py3.10.egg-info
running install_scripts
Installing publisher_node script to /home/anand/ros2_ws/install/my_robot_pkg/lib/my_robot_pkg
Installing subscriber_node script to /home/anand/ros2_ws/install/my_robot_pkg/lib/my_robot_pkg
Installing temperature_subscriber script to /home/anand/ros2_ws/install/my_robot_pkg/lib/my_robot_pkg
Installing temprature_publisher script to /home/anand/ros2_ws/install/my_robot_pkg/lib/my_robot_pkg
Installing temprature_subscriber script to /home/anand/ros2_ws/install/my_robot_pkg/lib/my_robot_pkg
Installing turtle_controller script to /home/anand/ros2_ws/install/my_robot_pkg/lib/my_robot_pkg
writing list of installed files to '/home/anand/ros2_ws/build/my_robot_pkg/install.log'
