[0.890s] Invoking command in '/home/anand/ros2_ws/src/my_robot_pkg': PYTHONPATH=/home/anand/ros2_ws/build/my_robot_pkg/prefix_override:/usr/lib/python3/dist-packages/colcon_core/task/python/colcon_distutils_commands:/home/anand/ros2_ws/install/my_robot_pkg/lib/python3.10/site-packages:${PYTHONPATH} /usr/bin/python3 -W ignore:setup.py install is deprecated -W ignore:easy_install command is deprecated setup.py egg_info --egg-base ../../build/my_robot_pkg build --build-base /home/anand/ros2_ws/build/my_robot_pkg/build install --record /home/anand/ros2_ws/build/my_robot_pkg/install.log --single-version-externally-managed install_data
[1.200s] running egg_info
[1.201s] creating ../../build/my_robot_pkg/my_robot_pkg.egg-info
[1.202s] writing ../../build/my_robot_pkg/my_robot_pkg.egg-info/PKG-INFO
[1.202s] writing dependency_links to ../../build/my_robot_pkg/my_robot_pkg.egg-info/dependency_links.txt
[1.202s] writing entry points to ../../build/my_robot_pkg/my_robot_pkg.egg-info/entry_points.txt
[1.203s] writing requirements to ../../build/my_robot_pkg/my_robot_pkg.egg-info/requires.txt
[1.203s] writing top-level names to ../../build/my_robot_pkg/my_robot_pkg.egg-info/top_level.txt
[1.203s] writing manifest file '../../build/my_robot_pkg/my_robot_pkg.egg-info/SOURCES.txt'
[1.205s] reading manifest file '../../build/my_robot_pkg/my_robot_pkg.egg-info/SOURCES.txt'
[1.207s] writing manifest file '../../build/my_robot_pkg/my_robot_pkg.egg-info/SOURCES.txt'
[1.207s] running build
[1.207s] running build_py
[1.207s] creating /home/anand/ros2_ws/build/my_robot_pkg/build
[1.207s] creating /home/anand/ros2_ws/build/my_robot_pkg/build/lib
[1.207s] creating /home/anand/ros2_ws/build/my_robot_pkg/build/lib/my_robot_pkg
[1.208s] copying my_robot_pkg/publisher_node.py -> /home/anand/ros2_ws/build/my_robot_pkg/build/lib/my_robot_pkg
[1.208s] copying my_robot_pkg/turtle_controller.py -> /home/anand/ros2_ws/build/my_robot_pkg/build/lib/my_robot_pkg
[1.208s] copying my_robot_pkg/__init__.py -> /home/anand/ros2_ws/build/my_robot_pkg/build/lib/my_robot_pkg
[1.208s] copying my_robot_pkg/temprature_publisher.py -> /home/anand/ros2_ws/build/my_robot_pkg/build/lib/my_robot_pkg
[1.208s] copying my_robot_pkg/temprature_subscriber.py -> /home/anand/ros2_ws/build/my_robot_pkg/build/lib/my_robot_pkg
[1.209s] running install
[1.209s] running install_lib
[1.210s] creating /home/anand/ros2_ws/install/my_robot_pkg/lib/python3.10/site-packages/my_robot_pkg
[1.211s] copying /home/anand/ros2_ws/build/my_robot_pkg/build/lib/my_robot_pkg/publisher_node.py -> /home/anand/ros2_ws/install/my_robot_pkg/lib/python3.10/site-packages/my_robot_pkg
[1.211s] copying /home/anand/ros2_ws/build/my_robot_pkg/build/lib/my_robot_pkg/turtle_controller.py -> /home/anand/ros2_ws/install/my_robot_pkg/lib/python3.10/site-packages/my_robot_pkg
[1.211s] copying /home/anand/ros2_ws/build/my_robot_pkg/build/lib/my_robot_pkg/__init__.py -> /home/anand/ros2_ws/install/my_robot_pkg/lib/python3.10/site-packages/my_robot_pkg
[1.211s] copying /home/anand/ros2_ws/build/my_robot_pkg/build/lib/my_robot_pkg/temprature_publisher.py -> /home/anand/ros2_ws/install/my_robot_pkg/lib/python3.10/site-packages/my_robot_pkg
[1.211s] copying /home/anand/ros2_ws/build/my_robot_pkg/build/lib/my_robot_pkg/temprature_subscriber.py -> /home/anand/ros2_ws/install/my_robot_pkg/lib/python3.10/site-packages/my_robot_pkg
[1.212s] byte-compiling /home/anand/ros2_ws/install/my_robot_pkg/lib/python3.10/site-packages/my_robot_pkg/publisher_node.py to publisher_node.cpython-310.pyc
[1.212s] byte-compiling /home/anand/ros2_ws/install/my_robot_pkg/lib/python3.10/site-packages/my_robot_pkg/turtle_controller.py to turtle_controller.cpython-310.pyc
[1.213s] byte-compiling /home/anand/ros2_ws/install/my_robot_pkg/lib/python3.10/site-packages/my_robot_pkg/__init__.py to __init__.cpython-310.pyc
[1.213s] byte-compiling /home/anand/ros2_ws/install/my_robot_pkg/lib/python3.10/site-packages/my_robot_pkg/temprature_publisher.py to temprature_publisher.cpython-310.pyc
[1.214s] byte-compiling /home/anand/ros2_ws/install/my_robot_pkg/lib/python3.10/site-packages/my_robot_pkg/temprature_subscriber.py to temprature_subscriber.cpython-310.pyc
[1.214s] running install_data
[1.215s] creating /home/anand/ros2_ws/install/my_robot_pkg/share/ament_index
[1.215s] creating /home/anand/ros2_ws/install/my_robot_pkg/share/ament_index/resource_index
[1.215s] creating /home/anand/ros2_ws/install/my_robot_pkg/share/ament_index/resource_index/packages
[1.215s] copying resource/my_robot_pkg -> /home/anand/ros2_ws/install/my_robot_pkg/share/ament_index/resource_index/packages
[1.216s] copying package.xml -> /home/anand/ros2_ws/install/my_robot_pkg/share/my_robot_pkg
[1.216s] running install_egg_info
[1.218s] Copying ../../build/my_robot_pkg/my_robot_pkg.egg-info to /home/anand/ros2_ws/install/my_robot_pkg/lib/python3.10/site-packages/my_robot_pkg-0.0.0-py3.10.egg-info
[1.220s] running install_scripts
[1.249s] Installing publisher_node script to /home/anand/ros2_ws/install/my_robot_pkg/lib/my_robot_pkg
[1.250s] Installing subscriber_node script to /home/anand/ros2_ws/install/my_robot_pkg/lib/my_robot_pkg
[1.250s] Installing temperature_subscriber script to /home/anand/ros2_ws/install/my_robot_pkg/lib/my_robot_pkg
[1.250s] Installing temprature_publisher script to /home/anand/ros2_ws/install/my_robot_pkg/lib/my_robot_pkg
[1.250s] Installing temprature_subscriber script to /home/anand/ros2_ws/install/my_robot_pkg/lib/my_robot_pkg
[1.251s] Installing turtle_controller script to /home/anand/ros2_ws/install/my_robot_pkg/lib/my_robot_pkg
[1.251s] writing list of installed files to '/home/anand/ros2_ws/build/my_robot_pkg/install.log'
[1.292s] Invoked command in '/home/anand/ros2_ws/src/my_robot_pkg' returned '0': PYTHONPATH=/home/anand/ros2_ws/build/my_robot_pkg/prefix_override:/usr/lib/python3/dist-packages/colcon_core/task/python/colcon_distutils_commands:/home/anand/ros2_ws/install/my_robot_pkg/lib/python3.10/site-packages:${PYTHONPATH} /usr/bin/python3 -W ignore:setup.py install is deprecated -W ignore:easy_install command is deprecated setup.py egg_info --egg-base ../../build/my_robot_pkg build --build-base /home/anand/ros2_ws/build/my_robot_pkg/build install --record /home/anand/ros2_ws/build/my_robot_pkg/install.log --single-version-externally-managed install_data
