/home/anand/ros2_ws/install/my_robot_pkg/lib/python3.10/site-packages/my_robot_pkg/publisher_node.py
/home/anand/ros2_ws/install/my_robot_pkg/lib/python3.10/site-packages/my_robot_pkg/turtle_controller.py
/home/anand/ros2_ws/install/my_robot_pkg/lib/python3.10/site-packages/my_robot_pkg/__init__.py
/home/anand/ros2_ws/install/my_robot_pkg/lib/python3.10/site-packages/my_robot_pkg/temprature_publisher.py
/home/anand/ros2_ws/install/my_robot_pkg/lib/python3.10/site-packages/my_robot_pkg/temprature_subscriber.py
/home/anand/ros2_ws/install/my_robot_pkg/lib/python3.10/site-packages/my_robot_pkg/__pycache__/publisher_node.cpython-310.pyc
/home/anand/ros2_ws/install/my_robot_pkg/lib/python3.10/site-packages/my_robot_pkg/__pycache__/turtle_controller.cpython-310.pyc
/home/anand/ros2_ws/install/my_robot_pkg/lib/python3.10/site-packages/my_robot_pkg/__pycache__/__init__.cpython-310.pyc
/home/anand/ros2_ws/install/my_robot_pkg/lib/python3.10/site-packages/my_robot_pkg/__pycache__/temprature_publisher.cpython-310.pyc
/home/anand/ros2_ws/install/my_robot_pkg/lib/python3.10/site-packages/my_robot_pkg/__pycache__/temprature_subscriber.cpython-310.pyc
/home/anand/ros2_ws/install/my_robot_pkg/share/ament_index/resource_index/packages/my_robot_pkg
/home/anand/ros2_ws/install/my_robot_pkg/share/my_robot_pkg/package.xml
/home/anand/ros2_ws/install/my_robot_pkg/lib/python3.10/site-packages/my_robot_pkg-0.0.0-py3.10.egg-info/SOURCES.txt
/home/anand/ros2_ws/install/my_robot_pkg/lib/python3.10/site-packages/my_robot_pkg-0.0.0-py3.10.egg-info/top_level.txt
/home/anand/ros2_ws/install/my_robot_pkg/lib/python3.10/site-packages/my_robot_pkg-0.0.0-py3.10.egg-info/requires.txt
/home/anand/ros2_ws/install/my_robot_pkg/lib/python3.10/site-packages/my_robot_pkg-0.0.0-py3.10.egg-info/entry_points.txt
/home/anand/ros2_ws/install/my_robot_pkg/lib/python3.10/site-packages/my_robot_pkg-0.0.0-py3.10.egg-info/dependency_links.txt
/home/anand/ros2_ws/install/my_robot_pkg/lib/python3.10/site-packages/my_robot_pkg-0.0.0-py3.10.egg-info/PKG-INFO
/home/anand/ros2_ws/install/my_robot_pkg/lib/python3.10/site-packages/my_robot_pkg-0.0.0-py3.10.egg-info/zip-safe
/home/anand/ros2_ws/install/my_robot_pkg/lib/my_robot_pkg/publisher_node
/home/anand/ros2_ws/install/my_robot_pkg/lib/my_robot_pkg/subscriber_node
/home/anand/ros2_ws/install/my_robot_pkg/lib/my_robot_pkg/temperature_subscriber
/home/anand/ros2_ws/install/my_robot_pkg/lib/my_robot_pkg/temprature_publisher
/home/anand/ros2_ws/install/my_robot_pkg/lib/my_robot_pkg/temprature_subscriber
/home/anand/ros2_ws/install/my_robot_pkg/lib/my_robot_pkg/turtle_controller
