[0.724s] Invoking command in '/home/anand/ros2_ws/src/my_robot_pkg': PYTHONPATH=/home/anand/ros2_ws/build/my_robot_pkg/prefix_override:/usr/lib/python3/dist-packages/colcon_core/task/python/colcon_distutils_commands:/home/anand/ros2_ws/install/my_robot_pkg/lib/python3.10/site-packages:${PYTHONPATH} /usr/bin/python3 -W ignore:setup.py install is deprecated -W ignore:easy_install command is deprecated setup.py egg_info --egg-base ../../build/my_robot_pkg build --build-base /home/anand/ros2_ws/build/my_robot_pkg/build install --record /home/anand/ros2_ws/build/my_robot_pkg/install.log --single-version-externally-managed install_data
[1.029s] running egg_info
[1.030s] writing ../../build/my_robot_pkg/my_robot_pkg.egg-info/PKG-INFO
[1.030s] writing dependency_links to ../../build/my_robot_pkg/my_robot_pkg.egg-info/dependency_links.txt
[1.031s] writing entry points to ../../build/my_robot_pkg/my_robot_pkg.egg-info/entry_points.txt
[1.031s] writing requirements to ../../build/my_robot_pkg/my_robot_pkg.egg-info/requires.txt
[1.031s] writing top-level names to ../../build/my_robot_pkg/my_robot_pkg.egg-info/top_level.txt
[1.034s] reading manifest file '../../build/my_robot_pkg/my_robot_pkg.egg-info/SOURCES.txt'
[1.036s] writing manifest file '../../build/my_robot_pkg/my_robot_pkg.egg-info/SOURCES.txt'
[1.036s] running build
[1.036s] running build_py
[1.037s] running install
[1.037s] running install_lib
[1.040s] running install_data
[1.040s] copying launch/my_robot_launch.py -> /home/anand/ros2_ws/install/my_robot_pkg/share/my_robot_pkg/launch
[1.040s] running install_egg_info
[1.042s] removing '/home/anand/ros2_ws/install/my_robot_pkg/lib/python3.10/site-packages/my_robot_pkg-0.0.0-py3.10.egg-info' (and everything under it)
[1.043s] Copying ../../build/my_robot_pkg/my_robot_pkg.egg-info to /home/anand/ros2_ws/install/my_robot_pkg/lib/python3.10/site-packages/my_robot_pkg-0.0.0-py3.10.egg-info
[1.044s] running install_scripts
[1.070s] Installing publisher_node script to /home/anand/ros2_ws/install/my_robot_pkg/lib/my_robot_pkg
[1.070s] Installing subscriber_node script to /home/anand/ros2_ws/install/my_robot_pkg/lib/my_robot_pkg
[1.070s] Installing temperature_subscriber script to /home/anand/ros2_ws/install/my_robot_pkg/lib/my_robot_pkg
[1.071s] Installing temprature_publisher script to /home/anand/ros2_ws/install/my_robot_pkg/lib/my_robot_pkg
[1.071s] Installing temprature_subscriber script to /home/anand/ros2_ws/install/my_robot_pkg/lib/my_robot_pkg
[1.071s] Installing turtle_controller script to /home/anand/ros2_ws/install/my_robot_pkg/lib/my_robot_pkg
[1.071s] writing list of installed files to '/home/anand/ros2_ws/build/my_robot_pkg/install.log'
[1.101s] Invoked command in '/home/anand/ros2_ws/src/my_robot_pkg' returned '0': PYTHONPATH=/home/anand/ros2_ws/build/my_robot_pkg/prefix_override:/usr/lib/python3/dist-packages/colcon_core/task/python/colcon_distutils_commands:/home/anand/ros2_ws/install/my_robot_pkg/lib/python3.10/site-packages:${PYTHONPATH} /usr/bin/python3 -W ignore:setup.py install is deprecated -W ignore:easy_install command is deprecated setup.py egg_info --egg-base ../../build/my_robot_pkg build --build-base /home/anand/ros2_ws/build/my_robot_pkg/build install --record /home/anand/ros2_ws/build/my_robot_pkg/install.log --single-version-externally-managed install_data
