[0.784s] Invoking command in '/home/anand/ros2_ws/src/my_robot_pkg': PYTHONPATH=/home/anand/ros2_ws/build/my_robot_pkg/prefix_override:/usr/lib/python3/dist-packages/colcon_core/task/python/colcon_distutils_commands:/home/anand/ros2_ws/install/my_robot_pkg/lib/python3.10/site-packages:${PYTHONPATH} /usr/bin/python3 -W ignore:setup.py install is deprecated -W ignore:easy_install command is deprecated setup.py egg_info --egg-base ../../build/my_robot_pkg build --build-base /home/anand/ros2_ws/build/my_robot_pkg/build install --record /home/anand/ros2_ws/build/my_robot_pkg/install.log --single-version-externally-managed install_data
[1.078s] running egg_info
[1.079s] writing ../../build/my_robot_pkg/my_robot_pkg.egg-info/PKG-INFO
[1.080s] writing dependency_links to ../../build/my_robot_pkg/my_robot_pkg.egg-info/dependency_links.txt
[1.081s] writing entry points to ../../build/my_robot_pkg/my_robot_pkg.egg-info/entry_points.txt
[1.081s] writing requirements to ../../build/my_robot_pkg/my_robot_pkg.egg-info/requires.txt
[1.081s] writing top-level names to ../../build/my_robot_pkg/my_robot_pkg.egg-info/top_level.txt
[1.084s] reading manifest file '../../build/my_robot_pkg/my_robot_pkg.egg-info/SOURCES.txt'
[1.085s] writing manifest file '../../build/my_robot_pkg/my_robot_pkg.egg-info/SOURCES.txt'
[1.086s] running build
[1.086s] running build_py
[1.086s] copying my_robot_pkg/temperature_service.py -> /home/anand/ros2_ws/build/my_robot_pkg/build/lib/my_robot_pkg
[1.087s] running install
[1.087s] running install_lib
[1.089s] copying /home/anand/ros2_ws/build/my_robot_pkg/build/lib/my_robot_pkg/temperature_service.py -> /home/anand/ros2_ws/install/my_robot_pkg/lib/python3.10/site-packages/my_robot_pkg
[1.090s] byte-compiling /home/anand/ros2_ws/install/my_robot_pkg/lib/python3.10/site-packages/my_robot_pkg/temperature_service.py to temperature_service.cpython-310.pyc
[1.090s] running install_data
[1.091s] running install_egg_info
[1.093s] removing '/home/anand/ros2_ws/install/my_robot_pkg/lib/python3.10/site-packages/my_robot_pkg-0.0.0-py3.10.egg-info' (and everything under it)
[1.094s] Copying ../../build/my_robot_pkg/my_robot_pkg.egg-info to /home/anand/ros2_ws/install/my_robot_pkg/lib/python3.10/site-packages/my_robot_pkg-0.0.0-py3.10.egg-info
[1.095s] running install_scripts
[1.121s] Installing publisher_node script to /home/anand/ros2_ws/install/my_robot_pkg/lib/my_robot_pkg
[1.121s] Installing subscriber_node script to /home/anand/ros2_ws/install/my_robot_pkg/lib/my_robot_pkg
[1.121s] Installing temperature_service script to /home/anand/ros2_ws/install/my_robot_pkg/lib/my_robot_pkg
[1.122s] Installing temperature_subscriber script to /home/anand/ros2_ws/install/my_robot_pkg/lib/my_robot_pkg
[1.122s] Installing temprature_publisher script to /home/anand/ros2_ws/install/my_robot_pkg/lib/my_robot_pkg
[1.122s] Installing temprature_subscriber script to /home/anand/ros2_ws/install/my_robot_pkg/lib/my_robot_pkg
[1.122s] Installing turtle_controller script to /home/anand/ros2_ws/install/my_robot_pkg/lib/my_robot_pkg
[1.123s] writing list of installed files to '/home/anand/ros2_ws/build/my_robot_pkg/install.log'
[1.156s] Invoked command in '/home/anand/ros2_ws/src/my_robot_pkg' returned '0': PYTHONPATH=/home/anand/ros2_ws/build/my_robot_pkg/prefix_override:/usr/lib/python3/dist-packages/colcon_core/task/python/colcon_distutils_commands:/home/anand/ros2_ws/install/my_robot_pkg/lib/python3.10/site-packages:${PYTHONPATH} /usr/bin/python3 -W ignore:setup.py install is deprecated -W ignore:easy_install command is deprecated setup.py egg_info --egg-base ../../build/my_robot_pkg build --build-base /home/anand/ros2_ws/build/my_robot_pkg/build install --record /home/anand/ros2_ws/build/my_robot_pkg/install.log --single-version-externally-managed install_data
