[0.534s] DEBUG:colcon:Command line arguments: ['/usr/bin/colcon', 'build']
[0.535s] DEBUG:colcon:Parsed command line arguments: Namespace(log_base=None, log_level=None, verb_name='build', build_base='build', install_base='install', merge_install=False, symlink_install=False, test_result_base=None, continue_on_error=False, executor='parallel', parallel_workers=4, event_handlers=None, ignore_user_meta=False, metas=['./colcon.meta'], base_paths=['.'], packages_ignore=None, packages_ignore_regex=None, paths=None, packages_up_to=None, packages_up_to_regex=None, packages_above=None, packages_above_and_dependencies=None, packages_above_depth=None, packages_select_by_dep=None, packages_skip_by_dep=None, packages_skip_up_to=None, packages_select_build_failed=False, packages_skip_build_finished=False, packages_select_test_failures=False, packages_skip_test_passed=False, packages_select=None, packages_skip=None, packages_select_regex=None, packages_skip_regex=None, packages_start=None, packages_end=None, allow_overriding=[], cmake_args=None, cmake_target=None, cmake_target_skip_unavailable=False, cmake_clean_cache=False, cmake_clean_first=False, cmake_force_configure=False, ament_cmake_args=None, catkin_cmake_args=None, catkin_skip_building_tests=False, verb_parser=<colcon_defaults.argument_parser.defaults.DefaultArgumentsDecorator object at 0x72c139537040>, verb_extension=<colcon_core.verb.build.BuildVerb object at 0x72c13966c580>, main=<bound method BuildVerb.main of <colcon_core.verb.build.BuildVerb object at 0x72c13966c580>>)
[1.207s] Level 1:colcon.colcon_core.package_discovery:discover_packages(colcon_meta) check parameters
[1.208s] Level 1:colcon.colcon_core.package_discovery:discover_packages(recursive) check parameters
[1.208s] Level 1:colcon.colcon_core.package_discovery:discover_packages(ignore) check parameters
[1.208s] Level 1:colcon.colcon_core.package_discovery:discover_packages(path) check parameters
[1.208s] Level 1:colcon.colcon_core.package_discovery:discover_packages(colcon_meta) discover
[1.209s] Level 1:colcon.colcon_core.package_discovery:discover_packages(recursive) discover
[1.209s] INFO:colcon.colcon_core.package_discovery:Crawling recursively for packages in '/home/anand/ros2_ws'
[1.210s] Level 1:colcon.colcon_core.package_identification:_identify(.) by extensions ['ignore', 'ignore_ament_install']
[1.211s] Level 1:colcon.colcon_core.package_identification:_identify(.) by extension 'ignore'
[1.211s] Level 1:colcon.colcon_core.package_identification:_identify(.) by extension 'ignore_ament_install'
[1.212s] Level 1:colcon.colcon_core.package_identification:_identify(.) by extensions ['colcon_pkg']
[1.212s] Level 1:colcon.colcon_core.package_identification:_identify(.) by extension 'colcon_pkg'
[1.212s] Level 1:colcon.colcon_core.package_identification:_identify(.) by extensions ['colcon_meta']
[1.212s] Level 1:colcon.colcon_core.package_identification:_identify(.) by extension 'colcon_meta'
[1.213s] Level 1:colcon.colcon_core.package_identification:_identify(.) by extensions ['ros']
[1.213s] Level 1:colcon.colcon_core.package_identification:_identify(.) by extension 'ros'
[1.263s] Level 1:colcon.colcon_core.package_identification:_identify(.) by extensions ['cmake', 'python']
[1.264s] Level 1:colcon.colcon_core.package_identification:_identify(.) by extension 'cmake'
[1.264s] Level 1:colcon.colcon_core.package_identification:_identify(.) by extension 'python'
[1.264s] Level 1:colcon.colcon_core.package_identification:_identify(.) by extensions ['python_setup_py']
[1.264s] Level 1:colcon.colcon_core.package_identification:_identify(.) by extension 'python_setup_py'
[1.265s] Level 1:colcon.colcon_core.package_identification:_identify(build) by extensions ['ignore', 'ignore_ament_install']
[1.265s] Level 1:colcon.colcon_core.package_identification:_identify(build) by extension 'ignore'
[1.265s] Level 1:colcon.colcon_core.package_identification:_identify(build) ignored
[1.266s] Level 1:colcon.colcon_core.package_identification:_identify(install) by extensions ['ignore', 'ignore_ament_install']
[1.266s] Level 1:colcon.colcon_core.package_identification:_identify(install) by extension 'ignore'
[1.266s] Level 1:colcon.colcon_core.package_identification:_identify(install) ignored
[1.267s] Level 1:colcon.colcon_core.package_identification:_identify(log) by extensions ['ignore', 'ignore_ament_install']
[1.267s] Level 1:colcon.colcon_core.package_identification:_identify(log) by extension 'ignore'
[1.267s] Level 1:colcon.colcon_core.package_identification:_identify(log) ignored
[1.267s] Level 1:colcon.colcon_core.package_identification:_identify(src) by extensions ['ignore', 'ignore_ament_install']
[1.268s] Level 1:colcon.colcon_core.package_identification:_identify(src) by extension 'ignore'
[1.268s] Level 1:colcon.colcon_core.package_identification:_identify(src) by extension 'ignore_ament_install'
[1.268s] Level 1:colcon.colcon_core.package_identification:_identify(src) by extensions ['colcon_pkg']
[1.268s] Level 1:colcon.colcon_core.package_identification:_identify(src) by extension 'colcon_pkg'
[1.268s] Level 1:colcon.colcon_core.package_identification:_identify(src) by extensions ['colcon_meta']
[1.269s] Level 1:colcon.colcon_core.package_identification:_identify(src) by extension 'colcon_meta'
[1.269s] Level 1:colcon.colcon_core.package_identification:_identify(src) by extensions ['ros']
[1.269s] Level 1:colcon.colcon_core.package_identification:_identify(src) by extension 'ros'
[1.269s] Level 1:colcon.colcon_core.package_identification:_identify(src) by extensions ['cmake', 'python']
[1.269s] Level 1:colcon.colcon_core.package_identification:_identify(src) by extension 'cmake'
[1.270s] Level 1:colcon.colcon_core.package_identification:_identify(src) by extension 'python'
[1.270s] Level 1:colcon.colcon_core.package_identification:_identify(src) by extensions ['python_setup_py']
[1.270s] Level 1:colcon.colcon_core.package_identification:_identify(src) by extension 'python_setup_py'
[1.270s] Level 1:colcon.colcon_core.package_identification:_identify(src/my_robot_pkg) by extensions ['ignore', 'ignore_ament_install']
[1.271s] Level 1:colcon.colcon_core.package_identification:_identify(src/my_robot_pkg) by extension 'ignore'
[1.271s] Level 1:colcon.colcon_core.package_identification:_identify(src/my_robot_pkg) by extension 'ignore_ament_install'
[1.271s] Level 1:colcon.colcon_core.package_identification:_identify(src/my_robot_pkg) by extensions ['colcon_pkg']
[1.271s] Level 1:colcon.colcon_core.package_identification:_identify(src/my_robot_pkg) by extension 'colcon_pkg'
[1.271s] Level 1:colcon.colcon_core.package_identification:_identify(src/my_robot_pkg) by extensions ['colcon_meta']
[1.271s] Level 1:colcon.colcon_core.package_identification:_identify(src/my_robot_pkg) by extension 'colcon_meta'
[1.272s] Level 1:colcon.colcon_core.package_identification:_identify(src/my_robot_pkg) by extensions ['ros']
[1.272s] Level 1:colcon.colcon_core.package_identification:_identify(src/my_robot_pkg) by extension 'ros'
[1.282s] DEBUG:colcon.colcon_core.package_identification:Package 'src/my_robot_pkg' with type 'ros.ament_python' and name 'my_robot_pkg'
[1.282s] Level 1:colcon.colcon_core.package_discovery:discover_packages(recursive) using defaults
[1.282s] Level 1:colcon.colcon_core.package_discovery:discover_packages(ignore) discover
[1.283s] Level 1:colcon.colcon_core.package_discovery:discover_packages(ignore) using defaults
[1.283s] Level 1:colcon.colcon_core.package_discovery:discover_packages(path) discover
[1.283s] Level 1:colcon.colcon_core.package_discovery:discover_packages(path) using defaults
[1.374s] Level 1:colcon.colcon_core.package_discovery:discover_packages(prefix_path) check parameters
[1.374s] Level 1:colcon.colcon_core.package_discovery:discover_packages(prefix_path) discover
[1.383s] DEBUG:colcon.colcon_installed_package_information.package_discovery:Found 1 installed packages in /home/anand/ros2_ws/install
[1.389s] DEBUG:colcon.colcon_installed_package_information.package_discovery:Found 272 installed packages in /opt/ros/humble
[1.396s] Level 1:colcon.colcon_core.package_discovery:discover_packages(prefix_path) using defaults
[1.574s] Level 5:colcon.colcon_core.verb:set package 'my_robot_pkg' build argument 'cmake_args' from command line to 'None'
[1.574s] Level 5:colcon.colcon_core.verb:set package 'my_robot_pkg' build argument 'cmake_target' from command line to 'None'
[1.574s] Level 5:colcon.colcon_core.verb:set package 'my_robot_pkg' build argument 'cmake_target_skip_unavailable' from command line to 'False'
[1.574s] Level 5:colcon.colcon_core.verb:set package 'my_robot_pkg' build argument 'cmake_clean_cache' from command line to 'False'
[1.574s] Level 5:colcon.colcon_core.verb:set package 'my_robot_pkg' build argument 'cmake_clean_first' from command line to 'False'
[1.575s] Level 5:colcon.colcon_core.verb:set package 'my_robot_pkg' build argument 'cmake_force_configure' from command line to 'False'
[1.575s] Level 5:colcon.colcon_core.verb:set package 'my_robot_pkg' build argument 'ament_cmake_args' from command line to 'None'
[1.575s] Level 5:colcon.colcon_core.verb:set package 'my_robot_pkg' build argument 'catkin_cmake_args' from command line to 'None'
[1.575s] Level 5:colcon.colcon_core.verb:set package 'my_robot_pkg' build argument 'catkin_skip_building_tests' from command line to 'False'
[1.575s] DEBUG:colcon.colcon_core.verb:Building package 'my_robot_pkg' with the following arguments: {'ament_cmake_args': None, 'build_base': '/home/anand/ros2_ws/build/my_robot_pkg', 'catkin_cmake_args': None, 'catkin_skip_building_tests': False, 'cmake_args': None, 'cmake_clean_cache': False, 'cmake_clean_first': False, 'cmake_force_configure': False, 'cmake_target': None, 'cmake_target_skip_unavailable': False, 'install_base': '/home/anand/ros2_ws/install/my_robot_pkg', 'merge_install': False, 'path': '/home/anand/ros2_ws/src/my_robot_pkg', 'symlink_install': False, 'test_result_base': None}
[1.575s] INFO:colcon.colcon_core.executor:Executing jobs using 'parallel' executor
[1.579s] DEBUG:colcon.colcon_parallel_executor.executor.parallel:run_until_complete
[1.579s] INFO:colcon.colcon_ros.task.ament_python.build:Building ROS package in '/home/anand/ros2_ws/src/my_robot_pkg' with build type 'ament_python'
[1.580s] Level 1:colcon.colcon_core.shell:create_environment_hook('my_robot_pkg', 'ament_prefix_path')
[1.592s] INFO:colcon.colcon_core.plugin_system:Skipping extension 'colcon_core.shell.bat': Not used on non-Windows systems
[1.592s] INFO:colcon.colcon_core.shell:Creating environment hook '/home/anand/ros2_ws/install/my_robot_pkg/share/my_robot_pkg/hook/ament_prefix_path.ps1'
[1.596s] INFO:colcon.colcon_core.shell:Creating environment descriptor '/home/anand/ros2_ws/install/my_robot_pkg/share/my_robot_pkg/hook/ament_prefix_path.dsv'
[1.598s] INFO:colcon.colcon_core.shell:Creating environment hook '/home/anand/ros2_ws/install/my_robot_pkg/share/my_robot_pkg/hook/ament_prefix_path.sh'
[1.601s] INFO:colcon.colcon_core.shell:Skip shell extension 'powershell' for command environment: Not usable outside of PowerShell
[1.601s] DEBUG:colcon.colcon_core.shell:Skip shell extension 'dsv' for command environment
[2.485s] INFO:colcon.colcon_core.task.python.build:Building Python package in '/home/anand/ros2_ws/src/my_robot_pkg'
[2.486s] INFO:colcon.colcon_core.shell:Skip shell extension 'powershell' for command environment: Not usable outside of PowerShell
[2.487s] DEBUG:colcon.colcon_core.shell:Skip shell extension 'dsv' for command environment
[3.795s] DEBUG:colcon.colcon_core.event_handler.log_command:Invoking command in '/home/anand/ros2_ws/src/my_robot_pkg': PYTHONPATH=/home/anand/ros2_ws/build/my_robot_pkg/prefix_override:/usr/lib/python3/dist-packages/colcon_core/task/python/colcon_distutils_commands:/home/anand/ros2_ws/install/my_robot_pkg/lib/python3.10/site-packages:${PYTHONPATH} /usr/bin/python3 -W ignore:setup.py install is deprecated -W ignore:easy_install command is deprecated setup.py egg_info --egg-base ../../build/my_robot_pkg build --build-base /home/anand/ros2_ws/build/my_robot_pkg/build install --record /home/anand/ros2_ws/build/my_robot_pkg/install.log --single-version-externally-managed install_data
[4.980s] DEBUG:colcon.colcon_core.event_handler.log_command:Invoked command in '/home/anand/ros2_ws/src/my_robot_pkg' returned '0': PYTHONPATH=/home/anand/ros2_ws/build/my_robot_pkg/prefix_override:/usr/lib/python3/dist-packages/colcon_core/task/python/colcon_distutils_commands:/home/anand/ros2_ws/install/my_robot_pkg/lib/python3.10/site-packages:${PYTHONPATH} /usr/bin/python3 -W ignore:setup.py install is deprecated -W ignore:easy_install command is deprecated setup.py egg_info --egg-base ../../build/my_robot_pkg build --build-base /home/anand/ros2_ws/build/my_robot_pkg/build install --record /home/anand/ros2_ws/build/my_robot_pkg/install.log --single-version-externally-managed install_data
[4.997s] Level 1:colcon.colcon_core.environment:checking '/home/anand/ros2_ws/install/my_robot_pkg' for CMake module files
[5.000s] Level 1:colcon.colcon_core.environment:checking '/home/anand/ros2_ws/install/my_robot_pkg' for CMake config files
[5.004s] Level 1:colcon.colcon_core.environment:checking '/home/anand/ros2_ws/install/my_robot_pkg/lib'
[5.005s] Level 1:colcon.colcon_core.environment:checking '/home/anand/ros2_ws/install/my_robot_pkg/bin'
[5.005s] Level 1:colcon.colcon_core.environment:checking '/home/anand/ros2_ws/install/my_robot_pkg/lib/pkgconfig/my_robot_pkg.pc'
[5.006s] Level 1:colcon.colcon_core.environment:checking '/home/anand/ros2_ws/install/my_robot_pkg/lib/python3.10/site-packages'
[5.007s] Level 1:colcon.colcon_core.shell:create_environment_hook('my_robot_pkg', 'pythonpath')
[5.008s] INFO:colcon.colcon_core.shell:Creating environment hook '/home/anand/ros2_ws/install/my_robot_pkg/share/my_robot_pkg/hook/pythonpath.ps1'
[5.009s] INFO:colcon.colcon_core.shell:Creating environment descriptor '/home/anand/ros2_ws/install/my_robot_pkg/share/my_robot_pkg/hook/pythonpath.dsv'
[5.011s] INFO:colcon.colcon_core.shell:Creating environment hook '/home/anand/ros2_ws/install/my_robot_pkg/share/my_robot_pkg/hook/pythonpath.sh'
[5.014s] Level 1:colcon.colcon_core.environment:checking '/home/anand/ros2_ws/install/my_robot_pkg/bin'
[5.014s] Level 1:colcon.colcon_core.environment:create_environment_scripts_only(my_robot_pkg)
[5.016s] INFO:colcon.colcon_core.shell:Creating package script '/home/anand/ros2_ws/install/my_robot_pkg/share/my_robot_pkg/package.ps1'
[5.019s] INFO:colcon.colcon_core.shell:Creating package descriptor '/home/anand/ros2_ws/install/my_robot_pkg/share/my_robot_pkg/package.dsv'
[5.022s] INFO:colcon.colcon_core.shell:Creating package script '/home/anand/ros2_ws/install/my_robot_pkg/share/my_robot_pkg/package.sh'
[5.026s] INFO:colcon.colcon_core.shell:Creating package script '/home/anand/ros2_ws/install/my_robot_pkg/share/my_robot_pkg/package.bash'
[5.030s] INFO:colcon.colcon_core.shell:Creating package script '/home/anand/ros2_ws/install/my_robot_pkg/share/my_robot_pkg/package.zsh'
[5.034s] Level 1:colcon.colcon_core.environment:create_file_with_runtime_dependencies(/home/anand/ros2_ws/install/my_robot_pkg/share/colcon-core/packages/my_robot_pkg)
[5.035s] DEBUG:colcon.colcon_parallel_executor.executor.parallel:closing loop
[5.038s] DEBUG:colcon.colcon_parallel_executor.executor.parallel:loop closed
[5.038s] DEBUG:colcon.colcon_parallel_executor.executor.parallel:run_until_complete finished with '0'
[5.039s] DEBUG:colcon.colcon_core.event_reactor:joining thread
[5.066s] INFO:colcon.colcon_core.plugin_system:Skipping extension 'colcon_notification.desktop_notification.terminal_notifier': Not used on non-Darwin systems
[5.067s] INFO:colcon.colcon_core.plugin_system:Skipping extension 'colcon_notification.desktop_notification.win32': Not used on non-Windows systems
[5.067s] INFO:colcon.colcon_notification.desktop_notification:Sending desktop notification using 'notify2'
[5.132s] DEBUG:colcon.colcon_core.event_reactor:joined thread
[5.133s] INFO:colcon.colcon_core.shell:Creating prefix script '/home/anand/ros2_ws/install/local_setup.ps1'
[5.141s] INFO:colcon.colcon_core.shell:Creating prefix util module '/home/anand/ros2_ws/install/_local_setup_util_ps1.py'
[5.153s] INFO:colcon.colcon_core.shell:Creating prefix chain script '/home/anand/ros2_ws/install/setup.ps1'
[5.160s] INFO:colcon.colcon_core.shell:Creating prefix script '/home/anand/ros2_ws/install/local_setup.sh'
[5.164s] INFO:colcon.colcon_core.shell:Creating prefix util module '/home/anand/ros2_ws/install/_local_setup_util_sh.py'
[5.168s] INFO:colcon.colcon_core.shell:Creating prefix chain script '/home/anand/ros2_ws/install/setup.sh'
[5.175s] INFO:colcon.colcon_core.shell:Creating prefix script '/home/anand/ros2_ws/install/local_setup.bash'
[5.179s] INFO:colcon.colcon_core.shell:Creating prefix chain script '/home/anand/ros2_ws/install/setup.bash'
[5.184s] INFO:colcon.colcon_core.shell:Creating prefix script '/home/anand/ros2_ws/install/local_setup.zsh'
[5.187s] INFO:colcon.colcon_core.shell:Creating prefix chain script '/home/anand/ros2_ws/install/setup.zsh'
